<?xml version="1.0" encoding="UTF-8"?>
<!-- Generated by org.testng.reporters.JUnitReportReporter -->
<testsuite skipped="0" hostname="LHTU05CG7425K9C" name="main.java.Runner.DemoTestNGRunner" tests="1" failures="0" timestamp="13 Dec 2019 09:49:48 GMT" time="55.958" errors="0">
  <testcase name="feature" time="55.958" classname="main.java.Runner.DemoTestNGRunner"/>
</testsuite> <!-- main.java.Runner.DemoTestNGRunner -->
