<?xml version="1.0" encoding="UTF-8"?>
<!-- Generated by org.testng.reporters.JUnitReportReporter -->
<testsuite skipped="0" hostname="LH7U05CG6452K0D" name="test.java.TestManageUsers" tests="1" failures="0" timestamp="22 Mar 2018 10:28:32 GMT" time="75.703" errors="0">
  <testcase name="testCreatingNewUser" time="75.703" classname="test.java.TestManageUsers"/>
</testsuite> <!-- test.java.TestManageUsers -->
