<?xml version="1.0" encoding="UTF-8"?>
<!-- Generated by org.testng.reporters.JUnitReportReporter -->
<testsuite skipped="0" hostname="LH7U05CG7493V54" name="test.java.TestUPAManageUsers" tests="1" failures="0" timestamp="25 Oct 2018 09:08:28 GMT" time="32.283" errors="0">
  <testcase name="testUserListSorting" time="32.283" classname="test.java.TestUPAManageUsers"/>
</testsuite> <!-- test.java.TestUPAManageUsers -->
