<?xml version="1.0" encoding="UTF-8"?>
<!-- Generated by org.testng.reporters.JUnitReportReporter -->
<testsuite skipped="0" hostname="LH7U05CG6452K0D" name="src.test.java.TestUPA" tests="1" failures="0" timestamp="14 Dec 2017 12:39:54 GMT" time="17.841" errors="0">
  <testcase name="testEmailDuplicateValidation" time="17.841" classname="src.test.java.TestUPA"/>
</testsuite> <!-- src.test.java.TestUPA -->
