<?xml version="1.0" encoding="UTF-8"?>
<!-- Generated by org.testng.reporters.JUnitReportReporter -->
<testsuite skipped="0" hostname="LH7U05CG6375FL0" name="test.java.TestProviderViewPayments" tests="1" failures="0" timestamp="25 Oct 2018 13:25:05 GMT" time="159.959" errors="0">
  <testcase name="testPaymentDetailsWithShowALLFilter" time="159.959" classname="test.java.TestProviderViewPayments"/>
</testsuite> <!-- test.java.TestProviderViewPayments -->
