<?xml version="1.0" encoding="UTF-8"?>
<!-- Generated by org.testng.reporters.JUnitReportReporter -->
<testsuite skipped="0" hostname="LHTU05CG7425K9C" name="test.java.TestCreateEnrollment" tests="1" failures="0" timestamp="04 Sep 2019 11:33:43 GMT" time="34.591" errors="0">
  <testcase name="testValiDateButtons" time="34.591" classname="test.java.TestCreateEnrollment"/>
</testsuite> <!-- test.java.TestCreateEnrollment -->
