<?xml version="1.0" encoding="UTF-8"?>
<!-- Generated by org.testng.reporters.JUnitReportReporter -->
<testsuite skipped="0" hostname="LH7U05CG6452K0D" name="test.java.TestUPARegistrationPageLinks" tests="1" failures="0" timestamp="21 Feb 2018 06:50:54 GMT" time="14.562" errors="0">
  <testcase name="testHeaderLinks" time="14.562" classname="test.java.TestUPARegistrationPageLinks"/>
</testsuite> <!-- test.java.TestUPARegistrationPageLinks -->
