<?xml version="1.0" encoding="UTF-8"?>
<!-- Generated by org.testng.reporters.JUnitReportReporter -->
<testsuite skipped="0" hostname="LH7U05CG6452K0D" name="test.java.TestMyProfileTab" tests="2" failures="0" timestamp="20 Mar 2018 14:17:42 GMT" time="123.222" errors="0">
  <testcase name="testChangePasswordLink" time="80.312" classname="test.java.TestMyProfileTab"/>
  <testcase name="testChangePasswordValidations" time="42.910" classname="test.java.TestMyProfileTab"/>
</testsuite> <!-- test.java.TestMyProfileTab -->
