<?xml version="1.0" encoding="UTF-8"?>
<!-- Generated by org.testng.reporters.JUnitReportReporter -->
<testsuite skipped="0" hostname="LH7U05CG6452K0D" name="test.java.TestUPAEnroll" tests="1" failures="0" timestamp="20 Feb 2018 10:08:49 GMT" time="55.801" errors="0">
  <testcase name="testUPAHomePageUI" time="55.801" classname="test.java.TestUPAEnroll"/>
</testsuite> <!-- test.java.TestUPAEnroll -->
