<?xml version="1.0" encoding="UTF-8"?>
<!-- Generated by org.testng.reporters.JUnitReportReporter -->
<testsuite skipped="0" hostname="LH7U05CG6452K0D" name="test.java.TestUPA" tests="1" failures="0" timestamp="13 Dec 2017 18:25:20 GMT" time="0.015" errors="0">
  <testcase name="testingone" time="0.015" classname="test.java.TestUPA"/>
</testsuite> <!-- test.java.TestUPA -->
