<?xml version="1.0" encoding="UTF-8"?>
<!-- Generated by org.testng.reporters.JUnitReportReporter -->
<testsuite skipped="0" hostname="LH7U05CG6375FL0" name="test.java.SeleniumAssignment1" tests="2" failures="0" timestamp="03 Oct 2018 10:00:24 GMT" time="16.294" errors="0">
  <testcase name="testWebDriver1" time="7.119" classname="test.java.SeleniumAssignment1"/>
  <testcase name="testWebDriver2" time="9.175" classname="test.java.SeleniumAssignment1"/>
</testsuite> <!-- test.java.SeleniumAssignment1 -->
