<?xml version="1.0" encoding="UTF-8"?>
<!-- Generated by org.testng.reporters.JUnitReportReporter -->
<testsuite skipped="0" hostname="LH7U05CG7493V54" name="test.java.TestUPASearchRemittance" tests="1" failures="0" timestamp="17 Oct 2018 12:57:24 GMT" time="73.307" errors="0">
  <testcase name="testSortByPatientName" time="73.307" classname="test.java.TestUPASearchRemittance"/>
</testsuite> <!-- test.java.TestUPASearchRemittance -->
