<?xml version="1.0" encoding="UTF-8"?>
<!-- Generated by org.testng.reporters.JUnitReportReporter -->
<testsuite skipped="0" hostname="LHTU05CG7493V87" name="main.java.Runner.DemoTestNGRunner" tests="2" failures="0" timestamp="05 May 2020 14:15:59 GMT" time="219.402" errors="0">
  <testcase name="feature" time="118.859" classname="main.java.Runner.DemoTestNGRunner"/>
  <testcase name="feature" time="100.543" classname="main.java.Runner.DemoTestNGRunner"/>
</testsuite> <!-- main.java.Runner.DemoTestNGRunner -->
